

*******************************************************************************
Mon Oct 24 07:21:50 2022


FIT:    data read from 'distance_between_lasers.txt' using 1:2
        format = x:z
        #datapoints = 25
        residuals are weighted equally (unit weight)

function used for fitting: D(x)
	D(x) = m+x**k
fitted parameters initialized with current variable values

iter      chisq       delta/lim  lambda   k             m            
   0 7.6422060000e+01   0.00e+00  1.12e+00    1.000000e+00   1.000000e+00
   4 1.9964095375e-01  -1.79e-02  1.12e-04    9.216411e-01  -6.716715e-01

After 4 iterations the fit converged.
final sum of squares of residuals : 0.199641
rel. change during last iteration : -1.78873e-07

degrees of freedom    (FIT_NDF)                        : 23
rms of residuals      (FIT_STDFIT) = sqrt(WSSR/ndf)    : 0.0931667
variance of residuals (reduced chisquare) = WSSR/ndf   : 0.00868004

Final set of parameters            Asymptotic Standard Error
=======================            ==========================
k               = 0.921641         +/- 0.02657      (2.883%)
m               = -0.671671        +/- 0.03058      (4.552%)

correlation matrix of the fit parameters:
                k      m      
k               1.000 
m              -0.793  1.000 


*******************************************************************************
Mon Oct 24 07:22:01 2022


FIT:    data read from 'distance_between_lasers.txt' using 1:2
        format = x:z
        #datapoints = 25
        residuals are weighted equally (unit weight)

function used for fitting: D(x)
	D(x) = m+x**k
fitted parameters initialized with current variable values

iter      chisq       delta/lim  lambda   k             m            
   0 7.6422060000e+01   0.00e+00  1.12e+00    1.000000e+00   1.000000e+00
   4 1.9964095375e-01  -1.79e-02  1.12e-04    9.216411e-01  -6.716715e-01

After 4 iterations the fit converged.
final sum of squares of residuals : 0.199641
rel. change during last iteration : -1.78873e-07

degrees of freedom    (FIT_NDF)                        : 23
rms of residuals      (FIT_STDFIT) = sqrt(WSSR/ndf)    : 0.0931667
variance of residuals (reduced chisquare) = WSSR/ndf   : 0.00868004

Final set of parameters            Asymptotic Standard Error
=======================            ==========================
k               = 0.921641         +/- 0.02657      (2.883%)
m               = -0.671671        +/- 0.03058      (4.552%)

correlation matrix of the fit parameters:
                k      m      
k               1.000 
m              -0.793  1.000 


*******************************************************************************
Mon Oct 24 07:22:12 2022


FIT:    data read from 'distance_between_lasers.txt' using 1:2
        format = x:z
        #datapoints = 25
        residuals are weighted equally (unit weight)

function used for fitting: D(x)
	D(x) = m+x**k
fitted parameters initialized with current variable values

iter      chisq       delta/lim  lambda   k             m            
   0 7.6422060000e+01   0.00e+00  1.12e+00    1.000000e+00   1.000000e+00
   4 1.9964095375e-01  -1.79e-02  1.12e-04    9.216411e-01  -6.716715e-01

After 4 iterations the fit converged.
final sum of squares of residuals : 0.199641
rel. change during last iteration : -1.78873e-07

degrees of freedom    (FIT_NDF)                        : 23
rms of residuals      (FIT_STDFIT) = sqrt(WSSR/ndf)    : 0.0931667
variance of residuals (reduced chisquare) = WSSR/ndf   : 0.00868004

Final set of parameters            Asymptotic Standard Error
=======================            ==========================
k               = 0.921641         +/- 0.02657      (2.883%)
m               = -0.671671        +/- 0.03058      (4.552%)

correlation matrix of the fit parameters:
                k      m      
k               1.000 
m              -0.793  1.000 


*******************************************************************************
Mon Oct 24 07:22:34 2022


FIT:    data read from 'distance_between_lasers.txt' using 1:2
        format = x:z
        #datapoints = 25
        residuals are weighted equally (unit weight)

function used for fitting: D(x)
	D(x) = m+x^k
fitted parameters initialized with current variable values



*******************************************************************************
Mon Oct 24 07:22:38 2022


FIT:    data read from 'distance_between_lasers.txt' using 1:2
        format = x:z
        #datapoints = 25
        residuals are weighted equally (unit weight)

function used for fitting: D(x)
	D(x) = m+x**k
fitted parameters initialized with current variable values

iter      chisq       delta/lim  lambda   k             m            
   0 7.6422060000e+01   0.00e+00  1.12e+00    1.000000e+00   1.000000e+00
   4 1.9964095375e-01  -1.79e-02  1.12e-04    9.216411e-01  -6.716715e-01

After 4 iterations the fit converged.
final sum of squares of residuals : 0.199641
rel. change during last iteration : -1.78873e-07

degrees of freedom    (FIT_NDF)                        : 23
rms of residuals      (FIT_STDFIT) = sqrt(WSSR/ndf)    : 0.0931667
variance of residuals (reduced chisquare) = WSSR/ndf   : 0.00868004

Final set of parameters            Asymptotic Standard Error
=======================            ==========================
k               = 0.921641         +/- 0.02657      (2.883%)
m               = -0.671671        +/- 0.03058      (4.552%)

correlation matrix of the fit parameters:
                k      m      
k               1.000 
m              -0.793  1.000 


*******************************************************************************
Mon Oct 24 07:23:36 2022


FIT:    data read from 'distance_between_lasers.txt' using 1:2
        format = x:z
        #datapoints = 20
        residuals are weighted equally (unit weight)

function used for fitting: D(x)
	D(x) = m+x**k
fitted parameters initialized with current variable values

iter      chisq       delta/lim  lambda   k             m            
   0 6.0294000000e+01   0.00e+00  9.32e-01    1.000000e+00   1.000000e+00
   4 1.5603474342e-01  -1.78e-11  9.32e+03    8.807110e-01  -6.550592e-01

After 4 iterations the fit converged.
final sum of squares of residuals : 0.156035
rel. change during last iteration : -1.77881e-16

degrees of freedom    (FIT_NDF)                        : 18
rms of residuals      (FIT_STDFIT) = sqrt(WSSR/ndf)    : 0.0931053
variance of residuals (reduced chisquare) = WSSR/ndf   : 0.0086686

Final set of parameters            Asymptotic Standard Error
=======================            ==========================
k               = 0.880711         +/- 0.04223      (4.795%)
m               = -0.655059        +/- 0.0338       (5.159%)

correlation matrix of the fit parameters:
                k      m      
k               1.000 
m              -0.788  1.000 


*******************************************************************************
Mon Oct 24 07:23:44 2022


FIT:    data read from 'distance_between_lasers.txt' using 1:2
        format = x:z
        #datapoints = 25
        residuals are weighted equally (unit weight)

function used for fitting: D(x)
	D(x) = m+x**k
fitted parameters initialized with current variable values

iter      chisq       delta/lim  lambda   k             m            
   0 7.6422060000e+01   0.00e+00  1.12e+00    1.000000e+00   1.000000e+00
   4 1.9964095375e-01  -1.79e-02  1.12e-04    9.216411e-01  -6.716715e-01

After 4 iterations the fit converged.
final sum of squares of residuals : 0.199641
rel. change during last iteration : -1.78873e-07

degrees of freedom    (FIT_NDF)                        : 23
rms of residuals      (FIT_STDFIT) = sqrt(WSSR/ndf)    : 0.0931667
variance of residuals (reduced chisquare) = WSSR/ndf   : 0.00868004

Final set of parameters            Asymptotic Standard Error
=======================            ==========================
k               = 0.921641         +/- 0.02657      (2.883%)
m               = -0.671671        +/- 0.03058      (4.552%)

correlation matrix of the fit parameters:
                k      m      
k               1.000 
m              -0.793  1.000 


*******************************************************************************
Mon Oct 24 07:24:23 2022


FIT:    data read from 'distance_between_lasers.txt' using 1:2
        format = x:z
        #datapoints = 25
        residuals are weighted equally (unit weight)

function used for fitting: D(x)
	D(x) = a+x**b
fitted parameters initialized with current variable values

iter      chisq       delta/lim  lambda   a             b            
   0 7.6422060000e+01   0.00e+00  1.12e+00    1.000000e+00   1.000000e+00
   4 1.9964095375e-01  -1.79e-02  1.12e-04   -6.716715e-01   9.216411e-01

After 4 iterations the fit converged.
final sum of squares of residuals : 0.199641
rel. change during last iteration : -1.78873e-07

degrees of freedom    (FIT_NDF)                        : 23
rms of residuals      (FIT_STDFIT) = sqrt(WSSR/ndf)    : 0.0931667
variance of residuals (reduced chisquare) = WSSR/ndf   : 0.00868004

Final set of parameters            Asymptotic Standard Error
=======================            ==========================
a               = -0.671671        +/- 0.03058      (4.552%)
b               = 0.921641         +/- 0.02657      (2.883%)

correlation matrix of the fit parameters:
                a      b      
a               1.000 
b              -0.793  1.000 


*******************************************************************************
Mon Oct 24 07:24:47 2022


FIT:    data read from 'distance_between_lasers.txt' using 1:2
        format = x:z
        #datapoints = 25
        residuals are weighted equally (unit weight)

function used for fitting: D(x)
	D(x) = a+x**b
fitted parameters initialized with current variable values

iter      chisq       delta/lim  lambda   b             a            
   0 7.6422060000e+01   0.00e+00  1.12e+00    1.000000e+00   1.000000e+00
   4 1.9964095375e-01  -1.79e-02  1.12e-04    9.216411e-01  -6.716715e-01

After 4 iterations the fit converged.
final sum of squares of residuals : 0.199641
rel. change during last iteration : -1.78873e-07

degrees of freedom    (FIT_NDF)                        : 23
rms of residuals      (FIT_STDFIT) = sqrt(WSSR/ndf)    : 0.0931667
variance of residuals (reduced chisquare) = WSSR/ndf   : 0.00868004

Final set of parameters            Asymptotic Standard Error
=======================            ==========================
b               = 0.921641         +/- 0.02657      (2.883%)
a               = -0.671671        +/- 0.03058      (4.552%)

correlation matrix of the fit parameters:
                b      a      
b               1.000 
a              -0.793  1.000 


*******************************************************************************
Mon Oct 24 07:26:14 2022


FIT:    data read from 'distance_between_lasers.txt' using 1:2
        format = x:z
        #datapoints = 25
        residuals are weighted equally (unit weight)

function used for fitting: D(x)
	D(x) = a+x**b
fitted parameters initialized with current variable values

iter      chisq       delta/lim  lambda   b             a            
   0 1.9020600000e+00   0.00e+00  7.68e-01    1.000000e+00   1.000000e+00
   3 2.5940866054e-01  -1.43e-01  7.68e-04    1.065207e+00   7.407039e-01

After 3 iterations the fit converged.
final sum of squares of residuals : 0.259409
rel. change during last iteration : -1.43306e-06

degrees of freedom    (FIT_NDF)                        : 23
rms of residuals      (FIT_STDFIT) = sqrt(WSSR/ndf)    : 0.106201
variance of residuals (reduced chisquare) = WSSR/ndf   : 0.0112786

Final set of parameters            Asymptotic Standard Error
=======================            ==========================
b               = 1.06521          +/- 0.05062      (4.752%)
a               = 0.740704         +/- 0.02158      (2.914%)

correlation matrix of the fit parameters:
                b      a      
b               1.000 
a              -0.177  1.000 


*******************************************************************************
Mon Oct 24 07:26:25 2022


FIT:    data read from 'distance_between_lasers.txt' using 1:2
        format = x:z
        #datapoints = 25
        residuals are weighted equally (unit weight)

function used for fitting: D(x)
	D(x) = a+x**b
fitted parameters initialized with current variable values

iter      chisq       delta/lim  lambda   a             b            
   0 1.9020600000e+00   0.00e+00  7.68e-01    1.000000e+00   1.000000e+00
   3 2.5940866054e-01  -1.43e-01  7.68e-04    7.407039e-01   1.065207e+00

After 3 iterations the fit converged.
final sum of squares of residuals : 0.259409
rel. change during last iteration : -1.43306e-06

degrees of freedom    (FIT_NDF)                        : 23
rms of residuals      (FIT_STDFIT) = sqrt(WSSR/ndf)    : 0.106201
variance of residuals (reduced chisquare) = WSSR/ndf   : 0.0112786

Final set of parameters            Asymptotic Standard Error
=======================            ==========================
a               = 0.740704         +/- 0.02158      (2.914%)
b               = 1.06521          +/- 0.05062      (4.752%)

correlation matrix of the fit parameters:
                a      b      
a               1.000 
b              -0.177  1.000 


*******************************************************************************
Mon Oct 24 07:26:43 2022


FIT:    data read from 'distance_between_lasers.txt' using 1:2
        format = x:z
        #datapoints = 25
        residuals are weighted equally (unit weight)

function used for fitting: D(x)
	D(x) = a+x**b
fitted parameters initialized with current variable values

iter      chisq       delta/lim  lambda   a             b            
   0 1.6804600000e+00   0.00e+00  7.68e-01    1.000000e+00   1.000000e+00
   3 2.5300628211e-01  -2.53e-01  7.68e-04    7.591137e-01   1.176586e+00

After 3 iterations the fit converged.
final sum of squares of residuals : 0.253006
rel. change during last iteration : -2.53164e-06

degrees of freedom    (FIT_NDF)                        : 23
rms of residuals      (FIT_STDFIT) = sqrt(WSSR/ndf)    : 0.104882
variance of residuals (reduced chisquare) = WSSR/ndf   : 0.0110003

Final set of parameters            Asymptotic Standard Error
=======================            ==========================
a               = 0.759114         +/- 0.02151      (2.834%)
b               = 1.17659          +/- 0.04936      (4.195%)

correlation matrix of the fit parameters:
                a      b      
a               1.000 
b              -0.222  1.000 


*******************************************************************************
Mon Oct 24 07:26:56 2022


FIT:    data read from 'distance_between_lasers.txt' using 1:2
        format = x:z
        #datapoints = 25
        residuals are weighted equally (unit weight)

function used for fitting: D(x)
	D(x) = a+x**b
fitted parameters initialized with current variable values

iter      chisq       delta/lim  lambda   a             b            
   0 3.2604600000e+00   0.00e+00  7.68e-01    1.000000e+00   1.000000e+00
   3 3.9411460277e-01  -6.83e-03  7.68e-04    6.815952e-01   7.998195e-01

After 3 iterations the fit converged.
final sum of squares of residuals : 0.394115
rel. change during last iteration : -6.83362e-08

degrees of freedom    (FIT_NDF)                        : 23
rms of residuals      (FIT_STDFIT) = sqrt(WSSR/ndf)    : 0.130902
variance of residuals (reduced chisquare) = WSSR/ndf   : 0.0171354

Final set of parameters            Asymptotic Standard Error
=======================            ==========================
a               = 0.681595         +/- 0.02621      (3.846%)
b               = 0.79982          +/- 0.06249      (7.813%)

correlation matrix of the fit parameters:
                a      b      
a               1.000 
b              -0.050  1.000 


*******************************************************************************
Tue Oct 25 00:21:48 2022


FIT:    data read from 'distance_between_lasers.txt' using 1:2
        format = x:z
        #datapoints = 26
        residuals are weighted equally (unit weight)

function used for fitting: D(x)
	D(x) = a+x**b
fitted parameters initialized with current variable values

iter      chisq       delta/lim  lambda   a             b            
   0 3.0837610000e+00   0.00e+00  7.53e-01    1.000000e+00   1.000000e+00
   4 1.7679085663e+00  -8.04e-02  7.53e-05    1.151418e+00   4.720741e-01

After 4 iterations the fit converged.
final sum of squares of residuals : 1.76791
rel. change during last iteration : -8.04378e-07

degrees of freedom    (FIT_NDF)                        : 24
rms of residuals      (FIT_STDFIT) = sqrt(WSSR/ndf)    : 0.271409
variance of residuals (reduced chisquare) = WSSR/ndf   : 0.0736629

Final set of parameters            Asymptotic Standard Error
=======================            ==========================
a               = 1.15142          +/- 0.05366      (4.66%)
b               = 0.472074         +/- 0.1588       (33.64%)

correlation matrix of the fit parameters:
                a      b      
a               1.000 
b              -0.126  1.000 


*******************************************************************************
Tue Oct 25 00:22:47 2022


FIT:    data read from 'distance_between_lasers.txt' using 1:2
        format = x:z
        #datapoints = 26
        residuals are weighted equally (unit weight)

function used for fitting: D(x)
	D(x) = a+x**b
fitted parameters initialized with current variable values

iter      chisq       delta/lim  lambda   a             b            
   0 2.4421610000e+00   0.00e+00  7.53e-01    1.000000e+00   1.000000e+00
   4 2.5600240301e-02  -1.62e-03  7.53e-05    1.267077e+00   1.228357e+00

After 4 iterations the fit converged.
final sum of squares of residuals : 0.0256002
rel. change during last iteration : -1.62158e-08

degrees of freedom    (FIT_NDF)                        : 24
rms of residuals      (FIT_STDFIT) = sqrt(WSSR/ndf)    : 0.03266
variance of residuals (reduced chisquare) = WSSR/ndf   : 0.00106668

Final set of parameters            Asymptotic Standard Error
=======================            ==========================
a               = 1.26708          +/- 0.006791     (0.536%)
b               = 1.22836          +/- 0.01749      (1.424%)

correlation matrix of the fit parameters:
                a      b      
a               1.000 
b              -0.332  1.000 


*******************************************************************************
Tue Oct 25 00:23:22 2022


FIT:    data read from 'distance_between_lasers.txt' using 1:2
        format = x:z
        #datapoints = 26
        residuals are weighted equally (unit weight)

function used for fitting: D(x)
	D(x) = a*x**b
fitted parameters initialized with current variable values

iter      chisq       delta/lim  lambda   a             b            
   0 4.3704161000e+01   0.00e+00  8.19e-01    1.000000e+00   1.000000e+00
   4 2.2199833734e-02  -8.79e-02  8.19e-05    2.313853e+00   5.450809e-01

After 4 iterations the fit converged.
final sum of squares of residuals : 0.0221998
rel. change during last iteration : -8.79299e-07

degrees of freedom    (FIT_NDF)                        : 24
rms of residuals      (FIT_STDFIT) = sqrt(WSSR/ndf)    : 0.0304137
variance of residuals (reduced chisquare) = WSSR/ndf   : 0.000924993

Final set of parameters            Asymptotic Standard Error
=======================            ==========================
a               = 2.31385          +/- 0.006136     (0.2652%)
b               = 0.545081         +/- 0.008019     (1.471%)

correlation matrix of the fit parameters:
                a      b      
a               1.000 
b              -0.324  1.000 


*******************************************************************************
Tue Oct 25 00:28:45 2022


FIT:    data read from 'distance_between_lasers_hole.txt' using 1:2
        format = x:z
        #datapoints = 25
        residuals are weighted equally (unit weight)

function used for fitting: D(x)
	D(x) = a*x**b
fitted parameters initialized with current variable values

iter      chisq       delta/lim  lambda   a             b            
   0 1.4162060000e+01   0.00e+00  7.99e-01    1.000000e+00   1.000000e+00
   4 1.4189840936e-01  -2.29e-03  7.99e-05    1.804608e+00   5.680997e-01

After 4 iterations the fit converged.
final sum of squares of residuals : 0.141898
rel. change during last iteration : -2.28508e-08

degrees of freedom    (FIT_NDF)                        : 23
rms of residuals      (FIT_STDFIT) = sqrt(WSSR/ndf)    : 0.0785461
variance of residuals (reduced chisquare) = WSSR/ndf   : 0.0061695

Final set of parameters            Asymptotic Standard Error
=======================            ==========================
a               = 1.80461          +/- 0.01645      (0.9118%)
b               = 0.5681           +/- 0.02038      (3.587%)

correlation matrix of the fit parameters:
                a      b      
a               1.000 
b              -0.209  1.000 


*******************************************************************************
Tue Oct 25 00:29:25 2022


FIT:    data read from filename using 1:2
        format = x:z
        #datapoints = 25
        residuals are weighted equally (unit weight)

function used for fitting: D(x)
	D(x) = a*x**b
fitted parameters initialized with current variable values

iter      chisq       delta/lim  lambda   a             b            
   0 1.4162060000e+01   0.00e+00  7.99e-01    1.000000e+00   1.000000e+00
   4 1.4189840936e-01  -2.29e-03  7.99e-05    1.804608e+00   5.680997e-01

After 4 iterations the fit converged.
final sum of squares of residuals : 0.141898
rel. change during last iteration : -2.28508e-08

degrees of freedom    (FIT_NDF)                        : 23
rms of residuals      (FIT_STDFIT) = sqrt(WSSR/ndf)    : 0.0785461
variance of residuals (reduced chisquare) = WSSR/ndf   : 0.0061695

Final set of parameters            Asymptotic Standard Error
=======================            ==========================
a               = 1.80461          +/- 0.01645      (0.9118%)
b               = 0.5681           +/- 0.02038      (3.587%)

correlation matrix of the fit parameters:
                a      b      
a               1.000 
b              -0.209  1.000 


*******************************************************************************
Tue Oct 25 00:30:52 2022


FIT:    data read from filename using 1:2
        format = x:z
        #datapoints = 26
        residuals are weighted equally (unit weight)

function used for fitting: D(x)
	D(x) = a*x**b
fitted parameters initialized with current variable values

iter      chisq       delta/lim  lambda   a             b            
   0 4.3704161000e+01   0.00e+00  8.19e-01    1.000000e+00   1.000000e+00
   4 2.2199833734e-02  -8.79e-02  8.19e-05    2.313853e+00   5.450809e-01

After 4 iterations the fit converged.
final sum of squares of residuals : 0.0221998
rel. change during last iteration : -8.79299e-07

degrees of freedom    (FIT_NDF)                        : 24
rms of residuals      (FIT_STDFIT) = sqrt(WSSR/ndf)    : 0.0304137
variance of residuals (reduced chisquare) = WSSR/ndf   : 0.000924993

Final set of parameters            Asymptotic Standard Error
=======================            ==========================
a               = 2.31385          +/- 0.006136     (0.2652%)
b               = 0.545081         +/- 0.008019     (1.471%)

correlation matrix of the fit parameters:
                a      b      
a               1.000 
b              -0.324  1.000 


*******************************************************************************
Tue Oct 25 00:31:36 2022


FIT:    data read from filename using 1:2
        format = x:z
        #datapoints = 26
        residuals are weighted equally (unit weight)

function used for fitting: D(x)
	D(x) = a*x**b
fitted parameters initialized with current variable values

iter      chisq       delta/lim  lambda   a             b            
   0 4.3704161000e+01   0.00e+00  8.19e-01    1.000000e+00   1.000000e+00
   4 2.2199833734e-02  -8.79e-02  8.19e-05    2.313853e+00   5.450809e-01

After 4 iterations the fit converged.
final sum of squares of residuals : 0.0221998
rel. change during last iteration : -8.79299e-07

degrees of freedom    (FIT_NDF)                        : 24
rms of residuals      (FIT_STDFIT) = sqrt(WSSR/ndf)    : 0.0304137
variance of residuals (reduced chisquare) = WSSR/ndf   : 0.000924993

Final set of parameters            Asymptotic Standard Error
=======================            ==========================
a               = 2.31385          +/- 0.006136     (0.2652%)
b               = 0.545081         +/- 0.008019     (1.471%)

correlation matrix of the fit parameters:
                a      b      
a               1.000 
b              -0.324  1.000 


*******************************************************************************
Tue Oct 25 00:37:37 2022


FIT:    data read from filename using 1:2
        format = x:z
        #datapoints = 25
        residuals are weighted equally (unit weight)

function used for fitting: D(x)
	D(x) = a*x**b
fitted parameters initialized with current variable values

iter      chisq       delta/lim  lambda   a             b            
   0 1.4162060000e+01   0.00e+00  7.99e-01    1.000000e+00   1.000000e+00
   4 1.4189840936e-01  -2.29e-03  7.99e-05    1.804608e+00   5.680997e-01

After 4 iterations the fit converged.
final sum of squares of residuals : 0.141898
rel. change during last iteration : -2.28508e-08

degrees of freedom    (FIT_NDF)                        : 23
rms of residuals      (FIT_STDFIT) = sqrt(WSSR/ndf)    : 0.0785461
variance of residuals (reduced chisquare) = WSSR/ndf   : 0.0061695

Final set of parameters            Asymptotic Standard Error
=======================            ==========================
a               = 1.80461          +/- 0.01645      (0.9118%)
b               = 0.5681           +/- 0.02038      (3.587%)

correlation matrix of the fit parameters:
                a      b      
a               1.000 
b              -0.209  1.000 


*******************************************************************************
Tue Oct 25 00:38:52 2022


FIT:    data read from filename using 1:2
        format = x:z
        #datapoints = 26
        residuals are weighted equally (unit weight)

function used for fitting: D(x)
	D(x) = a*x**b
fitted parameters initialized with current variable values

iter      chisq       delta/lim  lambda   a             b            
   0 4.3704161000e+01   0.00e+00  8.19e-01    1.000000e+00   1.000000e+00
   4 2.2199833734e-02  -8.79e-02  8.19e-05    2.313853e+00   5.450809e-01

After 4 iterations the fit converged.
final sum of squares of residuals : 0.0221998
rel. change during last iteration : -8.79299e-07

degrees of freedom    (FIT_NDF)                        : 24
rms of residuals      (FIT_STDFIT) = sqrt(WSSR/ndf)    : 0.0304137
variance of residuals (reduced chisquare) = WSSR/ndf   : 0.000924993

Final set of parameters            Asymptotic Standard Error
=======================            ==========================
a               = 2.31385          +/- 0.006136     (0.2652%)
b               = 0.545081         +/- 0.008019     (1.471%)

correlation matrix of the fit parameters:
                a      b      
a               1.000 
b              -0.324  1.000 
